1 ## Manuel Deodoro da Fonseca ## 15/11/1889 (I) ## 23/11/1891 (F) ## 5/8/1827 em Alagoas da Lagoa do Sul,Alagoas (N) ## 192 ## 23/8/1892 em Rio de Janeiro, Distrito Federal (M) ## /tmp/presidente/Deodoro_da_Fonseca.html ## 277896 ## Cargo criado ## Floriano Peixoto ## Nenhum (1889-1891) Floriano Peixoto (1891)
2 ## Floriano Vieira Peixoto ## 23/11/1891 (I) ## 15/11/1894 (F) ## 30/4/1839 em Maceió, Alagoas (N) ## 180 ## 29/6/1895 em Barra Mansa, Rio de Janeiro (M) ## /tmp/presidente/Floriano_Peixoto.html ## 238130 ## Deodoro da Fonseca ## Prudente de Morais ## 
3 ## Prudente José de Moraes Barros ## 15/11/1894 (I) ## 15/11/1898 (F) ## 4/10/1841 em Itu, São Paulo (N) ## 178 ## 3/12/1902 em Piracicaba, São Paulo (M) ## /tmp/presidente/Prudente_de_Moraes.html ## 179444 ## Floriano Peixoto ## Campos Sales ## Manuel Vitorino
4 ## Manuel Ferraz de Campos Sales ## 15/11/1898 (I) ## 15/11/1902 (F) ## 15/2/1841 em Campinas, São Paulo (N) ## 178 ## 28/6/1913 em Santos, São Paulo (M) ## /tmp/presidente/Campos_Sales.html ## 215711 ## Prudente de Morais ## Rodrigues Alves ## Francisco Rosa e Silva
5 ## Francisco de Paula Rodrigues Alves ## 15/11/1902 (I) ## 15/11/1906 (F) ## 7/7/1848 em Guaratinguetá, São Paulo (N) ## 171 ## 16/1/1919 em Rio de Janeiro, Distrito Federal (M) ## /tmp/presidente/Rodrigues_Alves.html ## 273587 ## Campos Sales ## Afonso Pena ## Nenhum (1902-1903)Afonso Pena (1903-1906)
6 ## Afonso Augusto Moreira Pena ## 15/11/1906 (I) ## 14/6/1909 (F) ## 30/11/1847 em Santa Bárbara, Minas Gerais (N) ## 172 ## 14/6/1909 em Rio de Janeiro, Distrito Federal (M) ## /tmp/presidente/Afonso_Pena.html ## 345958 ## Rodrigues Alves ## Nilo Peçanha ## Nilo Peçanha
7 ## Nilo Procópio Peçanha ## 14/6/1909 (I) ## 15/11/1910 (F) ## 2/10/1867 em Campos dos Goytacazes, Rio de Janeiro (N) ## 152 ## 31/3/1924 em Rio de Janeiro, Distrito Federal (M) ## /tmp/presidente/Nilo_Peçanha.html ## 225742 ## Afonso Pena ## Hermes da Fonseca ## Nenhum
8 ## Hermes Rodrigues da Fonseca ## 15/11/1910 (I) ## 15/11/1914 (F) ## 12/5/1855 em São Gabriel, Rio Grande do Sul (N) ## 164 ## 9/9/1923 em Petrópolis, Rio de Janeiro (M) ## /tmp/presidente/Hermes_da_Fonseca.html ## 181493 ## Nilo Peçanha ## Venceslau Brás ## Venceslau Brás
9 ## Venceslau Brás Pereira Gomes ## 15/11/1914 (I) ## 15/11/1918 (F) ## 26/2/1868 em São Caetano da Vargem Grande, Minas Gerais (N) ## 151 ## 15/5/1966 em Itajubá, Minas Gerais (M) ## /tmp/presidente/Venceslau_Brás.html ## 162633 ## Hermes da Fonseca ## Delfim Moreira ## Urbano Santos
10 ## Delfim Moreira da Costa Ribeiro ## 15/11/1918 (I) ## 28/7/1919 (F) ## 7/11/1868 em Cristina, Minas Gerais (N) ## 151 ## 1/7/1920 em Santa Rita do Sapucaí, Minas Gerais (M) ## /tmp/presidente/Delfim_Moreira.html ## 129682 ## Venceslau Brás ## Epitácio Pessoa ## 
11 ## Epitácio Lindolfo da Silva Pessoa ## 28/7/1919 (I) ## 15/11/1922 (F) ## 23/5/1865 em Umbuzeiro, Paraíba (N) ## 154 ## 13/2/1942 em Petrópolis, Rio de Janeiro (M) ## /tmp/presidente/Epitácio_Pessoa.html ## 225395 ## Delfim Moreira ## Artur Bernardes ## Delfim Moreira (1919-1920)Nenhum (jul-nov 1920)Bueno de Paiva (1920-1922)
12 ## Artur da Silva Bernardes ## 15/11/1922 (I) ## 15/11/1926 (F) ## 8/8/1875 em Viçosa, Minas Gerais (N) ## 144 ## 23/3/1955 em Rio de Janeiro, Distrito Federal (M) ## /tmp/presidente/Artur_Bernardes.html ## 123133 ## Epitácio Pessoa ## Washington Luís ## Estácio Coimbra
13 ## Washington Luís Pereira de Sousa ## 15/11/1926 (I) ## 24/10/1930 (F) ## 26/10/1869 em Macaé, Rio de Janeiro (N) ## 150 ## 4/8/1957 em São Paulo, São Paulo (M) ## /tmp/presidente/Washington_Luís.html ## 199478 ## Artur Bernardes ## Junta Governativa Provisória ## Fernando de Melo Viana
15 ## José Linhares ## 29/10/1945 (I) ## 31/1/1946 (F) ## 28/1/1886 em Guaramiranga, Ceará (N) ## 133 ## 26/1/1957 em Caxambu, Minas Gerais (M) ## /tmp/presidente/José_Linhares.html ## 95187 ## Getúlio Vargas ## Eurico Gaspar Dutra ## Nenhum
16 ## Eurico Gaspar Dutra ## 31/1/1946 (I) ## 31/1/1951 (F) ## 18/5/1883 em Cuiabá, Mato Grosso (N) ## 136 ## 11/6/1974 em Rio de Janeiro, Guanabara (M) ## /tmp/presidente/Eurico_Gaspar_Dutra.html ## 167138 ## José Linhares ## Getúlio Vargas ## Nenhum (jan-set 1946)Nereu Ramos (1946-1951)
17 ## Getúlio Dornelles Vargas ## 31/1/1951 (I) ## 24/8/1954 (F) ## 19/4/1882 em São Borja, São Pedro do Rio Grande do Sul (N) ## 137 ## 24/8/1954 em Rio de Janeiro, Distrito Federal (M) ## /tmp/presidente/Getúlio_Vargas.html ## 503679 ## Eurico Gaspar Dutra ## Café Filho ## Café Filho
18 ## João Fernandes Campos Café Filho ## 24/8/1954 (I) ## 23/11/1955 (F) ## 3/2/1899 em Natal, Rio Grande do Norte (N) ## 120 ## 20/2/1970 em Rio de Janeiro, Guanabara (M) ## /tmp/presidente/Café_Filho.html ## 141128 ## Getúlio Vargas ## Carlos Luz ## Nenhum
19 ## Carlos Coimbra da Luz ## 8/11/1955 (I) ## 11/11/1955 (F) ## 4/8/1894 em Três Corações, Minas Gerais (N) ## 125 ## 9/2/1961 em Rio de Janeiro, Guanabara (M) ## /tmp/presidente/Carlos_Luz.html ## 176651 ## Café Filho ## Nereu Ramos ## Nenhum
20 ## Nereu de Oliveira Ramos ## 11/11/1955 (I) ## 31/1/1956 (F) ## 3/9/1888 em Lages, Santa Catarina (N) ## 131 ## 16/6/1958 em São José dos Pinhais, Paraná (M) ## /tmp/presidente/Nereu_Ramos.html ## 304074 ## Carlos Luz ## Juscelino Kubitschek ## Nenhum
21 ## Juscelino Kubitschek de Oliveira ## 31/1/1956 (I) ## 31/1/1961 (F) ## 12/9/1902 em Diamantina, Minas Gerais (N) ## 117 ## 22/8/1976 em Resende, Rio de Janeiro (M) ## /tmp/presidente/Juscelino_Kubitschek.html ## 360440 ## Nereu Ramos ## Jânio Quadros ## João Goulart
22 ## Jânio da Silva Quadros ## 31/1/1961 (I) ## 25/8/1961 (F) ## 25/1/1917 em Campo Grande, Mato Grosso (N) ## 102 ## 16/2/1992 em São Paulo, São Paulo (M) ## /tmp/presidente/Jânio_Quadros.html ## 225742 ## Juscelino Kubitschek ## Ranieri Mazzilli ## João Goulart
24 ## João Belchior Marques Goulart ## 8/9/1961 (I) ## 2/4/1964 (F) ## 1/3/1919 em São Borja, Rio Grande do Sul (N) ## 100 ## 6/12/1976 em Mercedes, Corrientes (M) ## /tmp/presidente/João_Goulart.html ## 286479 ## Ranieri Mazzilli ## Ranieri Mazzilli ## 
25 ## Pascoal Ranieri Mazzilli ## 2/4/1964 (I) ## 15/4/1964 (F) ## 27/4/1910 em Caconde, São Paulo (N) ## 109 ## 21/4/1975 em São Paulo, São Paulo (M) ## /tmp/presidente/Ranieri_Mazzilli.html ## 157057 ## João Goulart ## Castelo Branco ## Nenhum
26 ## Humberto de Alencar Castello Branco ## 15/4/1964 (I) ## 15/3/1967 (F) ## 20/9/1897 em Fortaleza, Ceará (N) ## 122 ## 18/7/1967 em Fortaleza, Ceará (M) ## /tmp/presidente/Humberto_de_Alencar_Castelo_Branco.html ## 236897 ## Ranieri Mazzilli ## Artur da Costa e Silva ## José Maria Alkmin
27 ## Artur da Costa e Silva ## 15/3/1967 (I) ## 31/8/1969 (F) ## 3/10/1899 em Taquari, Rio Grande do Sul (N) ## 120 ## 17/12/1969 em Rio de Janeiro, Guanabara (M) ## /tmp/presidente/Costa_e_Silva.html ## 205737 ## Castelo Branco ## Junta Governativa Provisória ## Pedro Aleixo
28 ## Emílio Garrastazu Médici ## 30/10/1969 (I) ## 15/3/1974 (F) ## 4/12/1905 em Bagé, RS (N) ## 114 ## 9/10/1985 em Rio de Janeiro, RJ, Brasil (M) ## /tmp/presidente/Emílio_Garrastazu_Médici.html ## 196196 ## Junta Governativa Provisória ## Ernesto Geisel ## Augusto Rademaker
29 ## Ernesto Beckmann Geisel ## 15/3/1974 (I) ## 15/3/1979 (F) ## 3/8/1907 em Bento Gonçalves, Rio Grande do Sul (N) ## 112 ## 12/9/1996 em Rio de Janeiro, Rio de Janeiro (M) ## /tmp/presidente/Ernesto_Geisel.html ## 215264 ## Emílio Garrastazu Médici ## João Figueiredo ## Adalberto Pereira dos Santos
30 ## João Baptista de Oliveira Figueiredo ## 15/3/1979 (I) ## 15/3/1985 (F) ## 15/1/1918 em Rio de Janeiro, Distrito Federal (N) ## 101 ## 24/12/1999 em Rio de Janeiro, Rio de Janeiro (M) ## /tmp/presidente/João_Figueiredo.html ## 198432 ## Ernesto Geisel ## José Sarney ## Aureliano Chaves
31 ## José Sarney de Araújo Costa ## 15/3/1985 (I) ## 15/3/1990 (F) ## 24/4/1930 em Pinheiro, Maranhão (N) ## 89 ## /tmp/presidente/José_Sarney.html ## 362298 ## João Figueiredo ## Fernando Collor de Mello ## 
32 ## Fernando Affonso Collor de Mello ## 15/3/1990 (I) ## 29/12/1992 (F) ## 12/8/1949 em Rio de Janeiro, Distrito Federal (N) ## 70 ## /tmp/presidente/Fernando_Collor_de_Mello.html ## 389002 ## José Sarney ## Itamar Franco ## Itamar Franco
33 ## Itamar Augusto Cautiero Franco ## 29/12/1992 (I) ## 1/1/1995 (F) ## 28/6/1930 em Mar territorial brasileiro (N) ## 89 ## 2/7/2011 em São Paulo, São Paulo (M) ## /tmp/presidente/Itamar_Franco.html ## 241030 ## Fernando Collor de Mello ## Fernando Henrique Cardoso ## 
34 ## Fernando Henrique Cardoso ## 1/1/1995 (I) ## 1/1/2003 (F) ## 18/6/1931 em Rio de Janeiro, Distrito Federal (N) ## 88 ## /tmp/presidente/Fernando_Henrique_Cardoso.html ## 774942 ## Itamar Franco ## Luiz Inácio Lula da Silva ## Marco Maciel
35 ## Luiz Inácio Lula da Silva ## 1/1/2003 (I) ## 1/1/2011 (F) ## 27/10/1945 em Caetés, Pernambuco (N) ## 74 ## /tmp/presidente/Luiz_Inácio_Lula_da_Silva.html ## 648377 ## Fernando Henrique Cardoso ## Dilma Rousseff ## José Alencar
36 ## Dilma Vana Rousseff ## 1/1/2011 (I) ## 31/8/2016 (F) ## 14/12/1947 em Belo Horizonte, Minas Gerais (N) ## 72 ## /tmp/presidente/Dilma_Rousseff.html ## 810453 ## Luiz Inácio Lula da Silva ## Michel Temer ## Michel Temer
37 ## Michel Miguel Elias Temer Lulia ## 31/8/2016 (I) ## 1/1/2019 (F) ## 23/9/1940 em Tietê, São Paulo (N) ## 79 ## /tmp/presidente/Michel_Temer.html ## 634835 ## Dilma Rousseff ## Jair Bolsonaro ## 
38 ## Jair Messias Bolsonaro ## 1/1/2019 (I) ## 1/1/2023 (F) ## 21/3/1955 em Glicério, São Paulo (N) ## 64 ## /tmp/presidente/Jair_Bolsonaro.html ## 656626 ## Michel Temer ##  ## Hamilton Mourão

