Fernando de Mello Vianna NÃO
Nereu de Oliveira Ramos SIM
José Maria Benevides NÃO
João Fernandes Campos Café Filho SIM
Pedro Vicente de Azevedo NÃO
Antônio da Costa Pinto NÃO
Domingos de Andrade NÃO
José Machado de Sousa NÃO
Bernardo Jacinto da Veiga NÃO
Teófilo Ottoni NÃO
José Cesário de Miranda Ribeiro NÃO
Vicente Pires da Mota NÃO
Francisco Silveira Lobo NÃO
Francisco de Assis Mascarenhas NÃO
Juscelino Kubitschek de Oliveira SIM
Artur da Silva Bernardes SIM
Francelino Pereira NÃO
Noraldino Lima NÃO
António de Noronha NÃO
Prudente José de Moraes Barros SIM
Pascoal Ranieri Mazzilli SIM
José Magalhães Pinto NÃO
Rondon Pacheco NÃO
José Ildefonso Ramos NÃO
José Bento Figueiredo NÃO
Joaquim Machado Portella NÃO
Hermes Rodrigues da Fonseca SIM
Romeu Zema NÃO
Benedito Valadares NÃO
Newton Cardoso NÃO
Bernardino José de Queiroga NÃO
Graciliano Pimentel NÃO
Milton Campos NÃO
Ernesto Beckmann Geisel SIM
Luís da Cunha Meneses NÃO
João Pinheiro NÃO
Francisco Salles NÃO
Olegário Maciel NÃO
José Luís Castelo Branco NÃO
Antônio Carlos Ribeiro de Andrada NÃO
André de Melo e Castro NÃO
Itamar Augusto Cautiero Franco SIM
Bernardo Lorena e Silveira NÃO
Antônio Affonso de Carvalho NÃO
Sebastião Barreto Pereira NÃO
João Mendes Ribeiro NÃO
José Feliciano Pinto Coelho NÃO
João Belchior Marques Goulart SIM
Getúlio Dornelles Vargas SIM
Fernando Henrique Cardoso SIM
Emílio Garrastazu Médici SIM
Francisco de Paula Rodrigues Alves SIM
José de Araújo Ribeiro NÃO
João Batista dos Santos NÃO
Manuel Rebelo Horta NÃO
Júlio Bueno Brandão NÃO
Venceslau Brás Pereira Gomes SIM
Nilo Procópio Peçanha SIM
Gustavo Capanema NÃO
Pedro Alcântara Leite NÃO
Dilma Vana Rousseff SIM
José Manuel de Almeida NÃO
Aureliano Chaves NÃO
Antônio Gonçalves Chaves NÃO
Manuel Dias de Toledo NÃO
Luís António Faro NÃO
Luís Antônio Barbosa NÃO
Júlio Ferreira de Carvalho NÃO
João Antônio de Araújo Freitas NÃO
Francisco Bonifácio de Abreu NÃO
Alcides Lins NÃO
José Linhares SIM
Floriano Vieira Peixoto SIM
Manuel Deodoro da Fonseca SIM
João Baptista de Oliveira Figueiredo SIM
Michel Miguel Elias Temer Lulia SIM
Manuel Ferraz de Campos Sales SIM
Hélio Garcia NÃO
João Bandeira de Mello NÃO
José Sarney de Araújo Costa SIM
Joaquim Cândido Senna NÃO
Carlos Coimbra da Luz SIM
Eurico Gaspar Dutra SIM
Israel Pinheiro NÃO
Cesário Alvim NÃO
Gomes Freire de Andrade NÃO
Jair Messias Bolsonaro SIM
Antônio Limpo de Abreu NÃO
Venâncio José de Oliveira Lisboa NÃO
Pedro de Ataíde e Melo NÃO
Alexandre Joaquim de Sequeira NÃO
Luís Diogo Lobo da Silva NÃO
Epitácio Lindolfo da Silva Pessoa SIM
Fernando Pimentel NÃO
Francisco Soares de Andréa NÃO
Aécio Neves NÃO
José Teixeira Vasconcelos NÃO
Manuel Antônio Galvão NÃO
Antônio Anastasia NÃO
Jacques Bias Fortes NÃO
Herculano Ferreira Pena NÃO
Humberto de Alencar Castello Branco SIM
Carlos Augusto Figueiredo NÃO
Luiz Inácio Lula da Silva SIM
Francisco Portugal NÃO
João Beraldo NÃO
Fernando Affonso Collor de Mello SIM
Eduardo Azeredo NÃO
Manuel Portella NÃO
Washington Luís Pereira de Sousa SIM
Pedro Dias de Carvalho NÃO
Antônio Carlos Furtado NÃO
Rodrigo Meneses e Castro NÃO
Olegário Herculano NÃO
Tancredo Neves NÃO
Lourenço de Almeida NÃO
João Meira de Vasconcelos NÃO
Antônio Gonçalves Ferreira NÃO
Manuel de Melo e Sousa NÃO
Afonso Augusto Moreira Pena SIM
João Crispiniano Soares NÃO
Silviano Brandão NÃO
Jânio da Silva Quadros SIM
Quintiliano José da Silva NÃO
Saldanha Marinho NÃO
Artur da Costa e Silva SIM
Francisco Pereira de Vasconcelos NÃO
José Ricardo de Sá Rego NÃO
Manuel Machado Nunes NÃO
Carlos Carneiro de Campos NÃO
Joaquim Floriano de Godói NÃO
José Bias Fortes NÃO
Francisco Lemos NÃO
Raul Soares de Moura NÃO
João Paulo Barreto NÃO
Luís Eugênio Horta NÃO
Delfim Moreira da Costa Ribeiro SIM
