Fernando de Mello Vianna N√O
Nereu de Oliveira Ramos SIM
Jos√© Maria Benevides N√O
Jo√£o Fernandes Campos Caf√© Filho SIM
Pedro Vicente de Azevedo N√O
Ant√¥nio da Costa Pinto N√O
Domingos de Andrade N√O
Jos√© Machado de Sousa N√O
Bernardo Jacinto da Veiga N√O
Te√≥filo Ottoni N√O
Jos√© Ces√°rio de Miranda Ribeiro N√O
Vicente Pires da Mota N√O
Francisco Silveira Lobo N√O
Francisco de Assis Mascarenhas N√O
Juscelino Kubitschek de Oliveira SIM
Artur da Silva Bernardes SIM
Francelino Pereira N√O
Noraldino Lima N√O
Ant√≥nio de Noronha N√O
Prudente Jos√© de Moraes Barros SIM
Pascoal Ranieri Mazzilli SIM
Jos√© Magalh√£es Pinto N√O
Rondon Pacheco N√O
Jos√© Ildefonso Ramos N√O
Jos√© Bento Figueiredo N√O
Joaquim Machado Portella N√O
Hermes Rodrigues da Fonseca SIM
Romeu Zema N√O
Benedito Valadares N√O
Newton Cardoso N√O
Bernardino Jos√© de Queiroga N√O
Graciliano Pimentel N√O
Milton Campos N√O
Ernesto Beckmann Geisel SIM
Lu√≠s da Cunha Meneses N√O
Jo√£o Pinheiro N√O
Francisco Salles N√O
Oleg√°rio Maciel N√O
Jos√© Lu√≠s Castelo Branco N√O
Ant√¥nio Carlos Ribeiro de Andrada N√O
Andr√© de Melo e Castro N√O
Itamar Augusto Cautiero Franco SIM
Bernardo Lorena e Silveira N√O
Ant√¥nio Affonso de Carvalho N√O
Sebasti√£o Barreto Pereira N√O
Jo√£o Mendes Ribeiro N√O
Jos√© Feliciano Pinto Coelho N√O
Jo√£o Belchior Marques Goulart SIM
Get√∫lio Dornelles Vargas SIM
Fernando Henrique Cardoso SIM
Em√≠lio Garrastazu M√©dici SIM
Francisco de Paula Rodrigues Alves SIM
Jos√© de Ara√∫jo Ribeiro N√O
Jo√£o Batista dos Santos N√O
Manuel Rebelo Horta N√O
J√∫lio Bueno Brand√£o N√O
Venceslau Br√°s Pereira Gomes SIM
Nilo Proc√≥pio Pe√ßanha SIM
Gustavo Capanema N√O
Pedro Alc√¢ntara Leite N√O
Dilma Vana Rousseff SIM
Jos√© Manuel de Almeida N√O
Aureliano Chaves N√O
Ant√¥nio Gon√ßalves Chaves N√O
Manuel Dias de Toledo N√O
Lu√≠s Ant√≥nio Faro N√O
Lu√≠s Ant√¥nio Barbosa N√O
J√∫lio Ferreira de Carvalho N√O
Jo√£o Ant√¥nio de Ara√∫jo Freitas N√O
Francisco Bonif√°cio de Abreu N√O
Alcides Lins N√O
Jos√© Linhares SIM
Floriano Vieira Peixoto SIM
Manuel Deodoro da Fonseca SIM
Jo√£o Baptista de Oliveira Figueiredo SIM
Michel Miguel Elias Temer Lulia SIM
Manuel Ferraz de Campos Sales SIM
H√©lio Garcia N√O
Jo√£o Bandeira de Mello N√O
Jos√© Sarney de Ara√∫jo Costa SIM
Joaquim C√¢ndido Senna N√O
Carlos Coimbra da Luz SIM
Eurico Gaspar Dutra SIM
Israel Pinheiro N√O
Ces√°rio Alvim N√O
Gomes Freire de Andrade N√O
Jair Messias Bolsonaro SIM
Ant√¥nio Limpo de Abreu N√O
Ven√¢ncio Jos√© de Oliveira Lisboa N√O
Pedro de Ata√≠de e Melo N√O
Alexandre Joaquim de Sequeira N√O
Lu√≠s Diogo Lobo da Silva N√O
Epit√°cio Lindolfo da Silva Pessoa SIM
Fernando Pimentel N√O
Francisco Soares de Andr√©a N√O
A√©cio Neves N√O
Jos√© Teixeira Vasconcelos N√O
Manuel Ant√¥nio Galv√£o N√O
Ant√¥nio Anastasia N√O
Jacques Bias Fortes N√O
Herculano Ferreira Pena N√O
Humberto de Alencar Castello Branco SIM
Carlos Augusto Figueiredo N√O
Luiz In√°cio Lula da Silva SIM
Francisco Portugal N√O
Jo√£o Beraldo N√O
Fernando Affonso Collor de Mello SIM
Eduardo Azeredo N√O
Manuel Portella N√O
Washington Lu√≠s Pereira de Sousa SIM
Pedro Dias de Carvalho N√O
Ant√¥nio Carlos Furtado N√O
Rodrigo Meneses e Castro N√O
Oleg√°rio Herculano N√O
Tancredo Neves N√O
Louren√ßo de Almeida N√O
Jo√£o Meira de Vasconcelos N√O
Ant√¥nio Gon√ßalves Ferreira N√O
Manuel de Melo e Sousa N√O
Afonso Augusto Moreira Pena SIM
Jo√£o Crispiniano Soares N√O
Silviano Brand√£o N√O
J√¢nio da Silva Quadros SIM
Quintiliano Jos√© da Silva N√O
Saldanha Marinho N√O
Artur da Costa e Silva SIM
Francisco Pereira de Vasconcelos N√O
Jos√© Ricardo de S√° Rego N√O
Manuel Machado Nunes N√O
Carlos Carneiro de Campos N√O
Joaquim Floriano de God√≥i N√O
Jos√© Bias Fortes N√O
Francisco Lemos N√O
Raul Soares de Moura N√O
Jo√£o Paulo Barreto N√O
Lu√≠s Eug√™nio Horta N√O
Delfim Moreira da Costa Ribeiro SIM
